<?xml version="1.0" encoding="UTF-8"?>
<!-- Generated by org.testng.reporters.JUnitXMLReporter -->
<testsuite hostname="Vishwa" ignored="0" name="Default test" tests="1" failures="0" timestamp="26 May 2017 18:46:54 GMT" time="0.079" errors="0">
  <testcase name="@BeforeSuite main" time="0.0" classname="Live_Demo.Main">
    <failure type="org.testng.TestNGException" message="
Can inject only one of &amp;lt;ITestContext, XmlTest&amp;gt; into a BeforeSuite annotated main.
For more information on native dependency injection please refer to http://testng.org/doc/documentation-main.html#native-dependency-injection">
      <![CDATA[org.testng.TestNGException: 
Can inject only one of <ITestContext, XmlTest> into a BeforeSuite annotated main.
For more information on native dependency injection please refer to http://testng.org/doc/documentation-main.html#native-dependency-injection
	at org.testng.internal.Parameters.checkParameterTypes(Parameters.java:244)
	at org.testng.internal.Parameters.createParameters(Parameters.java:172)
	at org.testng.internal.Parameters.createParameters(Parameters.java:458)
	at org.testng.internal.Parameters.createConfigurationParameters(Parameters.java:118)
	at org.testng.internal.Invoker.invokeConfigurations(Invoker.java:206)
	at org.testng.internal.Invoker.invokeConfigurations(Invoker.java:146)
	at org.testng.SuiteRunner.privateRun(SuiteRunner.java:326)
	at org.testng.SuiteRunner.run(SuiteRunner.java:289)
	at org.testng.SuiteRunnerWorker.runSuite(SuiteRunnerWorker.java:52)
	at org.testng.SuiteRunnerWorker.run(SuiteRunnerWorker.java:86)
	at org.testng.TestNG.runSuitesSequentially(TestNG.java:1301)
	at org.testng.TestNG.runSuitesLocally(TestNG.java:1226)
	at org.testng.TestNG.runSuites(TestNG.java:1144)
	at org.testng.TestNG.run(TestNG.java:1115)
	at org.testng.remote.AbstractRemoteTestNG.run(AbstractRemoteTestNG.java:132)
	at org.testng.remote.RemoteTestNG.initAndRun(RemoteTestNG.java:230)
	at org.testng.remote.RemoteTestNG.main(RemoteTestNG.java:76)
]]>
    </failure>
  </testcase> <!-- @BeforeSuite main -->
  <testcase name="@BeforeTest open_url" time="0.0" classname="Live_Demo.Main">
    <skipped/>
  </testcase> <!-- @BeforeTest open_url -->
  <testcase name="@BeforeClass Avac" time="0.0" classname="Live_Demo.Main">
    <skipped/>
  </testcase> <!-- @BeforeClass Avac -->
  <testcase name="@BeforeMethod AEmp" time="0.0" classname="Live_Demo.Main">
    <skipped/>
  </testcase> <!-- @BeforeMethod AEmp -->
  <testcase name="DVac" time="0.0" classname="Live_Demo.Main">
    <skipped/>
  </testcase> <!-- DVac -->
</testsuite> <!-- Default test -->
