<?xml version="1.0" encoding="UTF-8"?>
<!-- Generated by org.testng.reporters.JUnitXMLReporter -->
<testsuite hostname="Vishwa" ignored="0" name="Test(failed)" tests="1" failures="1" timestamp="26 May 2017 20:37:12 GMT" time="2.096" errors="0">
  <testcase name="@AfterTest Delete_Employee" time="0.0" classname="Live_Demo.PIM">
    <failure type="org.testng.TestNGException" message="
Parameter &amp;apos;*&amp;apos; is required by AfterTest on method Delete_Employee but has not been marked @Optional or defined
in C:\Users\Vishwanath\workspace\Orange_HRM\test-output\testng-failed.xml">
      <![CDATA[org.testng.TestNGException: 
Parameter '*' is required by AfterTest on method Delete_Employee but has not been marked @Optional or defined
in C:\Users\Vishwanath\workspace\Orange_HRM\test-output\testng-failed.xml
... Removed 20 stack frames]]>
    </failure>
  </testcase> <!-- @AfterTest Delete_Employee -->
  <testcase name="Add_Eployee" time="2.031" classname="Live_Demo.PIM">
    <failure type="java.lang.NullPointerException">
      <![CDATA[java.lang.NullPointerException
	at Live_Demo.PIM.Add_Eployee(PIM.java:17)
... Removed 25 stack frames]]>
    </failure>
  </testcase> <!-- Add_Eployee -->
</testsuite> <!-- Test(failed) -->
