<?xml version="1.0" encoding="UTF-8"?>
<testng-results skipped="0" failed="0" ignored="0" total="2" passed="2">
  <reporter-output>
  </reporter-output>
  <suite name="Suite" duration-ms="32219" started-at="2017-05-26T20:55:49Z" finished-at="2017-05-26T20:56:22Z">
    <groups>
    </groups>
    <test name="Test" duration-ms="32219" started-at="2017-05-26T20:55:49Z" finished-at="2017-05-26T20:56:22Z">
      <class name="Live_Demo.Driver">
        <test-method status="PASS" signature="DriverSetup()[pri:0, instance:Live_Demo.Driver@1ceabc1]" name="DriverSetup" is-config="true" duration-ms="9896" started-at="2017-05-27T02:25:39Z" finished-at="2017-05-27T02:25:49Z">
          <reporter-output>
          </reporter-output>
        </test-method> <!-- DriverSetup -->
      </class> <!-- Live_Demo.Driver -->
      <class name="Live_Demo.Login_Page">
        <test-method status="PASS" signature="Login(java.lang.String, java.lang.String)[pri:0, instance:Live_Demo.Login_Page@15eef3d]" name="Login" is-config="true" duration-ms="2654" started-at="2017-05-27T02:25:49Z" finished-at="2017-05-27T02:25:52Z">
          <params>
            <param index="0">
              <value>
                <![CDATA[Admin]]>
              </value>
            </param>
            <param index="1">
              <value>
                <![CDATA[admin]]>
              </value>
            </param>
          </params>
          <reporter-output>
          </reporter-output>
        </test-method> <!-- Login -->
      </class> <!-- Live_Demo.Login_Page -->
      <class name="Live_Demo.PIM">
        <test-method status="PASS" signature="Add_Eployee(java.lang.String, java.lang.String, java.lang.String, java.lang.String, java.lang.String, java.lang.String)[pri:0, instance:Live_Demo.PIM@f4468b]" name="Add_Eployee" duration-ms="17284" started-at="2017-05-27T02:25:52Z" finished-at="2017-05-27T02:26:09Z">
          <params>
            <param index="0">
              <value>
                <![CDATA[Vishwanath]]>
              </value>
            </param>
            <param index="1">
              <value>
                <![CDATA[]]>
              </value>
            </param>
            <param index="2">
              <value>
                <![CDATA[Malakar]]>
              </value>
            </param>
            <param index="3">
              <value>
                <![CDATA[vishwa]]>
              </value>
            </param>
            <param index="4">
              <value>
                <![CDATA[vishwa]]>
              </value>
            </param>
            <param index="5">
              <value>
                <![CDATA[Enabled]]>
              </value>
            </param>
          </params>
          <reporter-output>
          </reporter-output>
        </test-method> <!-- Add_Eployee -->
        <test-method status="PASS" signature="Delete_Employee(java.lang.String)[pri:0, instance:Live_Demo.PIM@f4468b]" name="Delete_Employee" duration-ms="12228" started-at="2017-05-27T02:26:09Z" finished-at="2017-05-27T02:26:22Z">
          <params>
            <param index="0">
              <value>
                <![CDATA[Vishwanath]]>
              </value>
            </param>
          </params>
          <reporter-output>
          </reporter-output>
        </test-method> <!-- Delete_Employee -->
      </class> <!-- Live_Demo.PIM -->
    </test> <!-- Test -->
  </suite> <!-- Suite -->
</testng-results>
